<?xml version="1.0" encoding="UTF-8"?>
<testsuite name="br.com.codenation.desafioexe.DesafioApplicationSubmitTest" tests="6" skipped="0" failures="0" errors="0" timestamp="2020-04-22T11:43:39" hostname="LAPTOP-UA9CS448" time="0.026">
  <properties/>
  <testcase name="fibonacciTemTamanho15" classname="br.com.codenation.desafioexe.DesafioApplicationSubmitTest" time="0.01"/>
  <testcase name="isNotFibonacci12" classname="br.com.codenation.desafioexe.DesafioApplicationSubmitTest" time="0.002"/>
  <testcase name="isFibonacci377" classname="br.com.codenation.desafioexe.DesafioApplicationSubmitTest" time="0.001"/>
  <testcase name="fibonacciSequenciaCorreta" classname="br.com.codenation.desafioexe.DesafioApplicationSubmitTest" time="0.001"/>
  <testcase name="isNotFibonacci355" classname="br.com.codenation.desafioexe.DesafioApplicationSubmitTest" time="0.001"/>
  <testcase name="isFibonacci13" classname="br.com.codenation.desafioexe.DesafioApplicationSubmitTest" time="0.002"/>
  <system-out><![CDATA[]]></system-out>
  <system-err><![CDATA[]]></system-err>
</testsuite>
